app/build/intermediates/manifest_merge_blame_file/release/processReleaseMainManifest/manifest-merger-blame-release-report.txt
1<?xml version="1.0" encoding="utf-8"?>
2<!--
3    Copyright 2019 Google Inc. All Rights Reserved.
4
5     Licensed under the Apache License, Version 2.0 (the "License");
6     you may not use this file except in compliance with the License.
7     You may obtain a copy of the License at
8
9         http://www.apache.org/licenses/LICENSE-2.0
10
11     Unless required by applicable law or agreed to in writing, software
12     distributed under the License is distributed on an "AS IS" BASIS,
13     WITHOUT WARRANTIES OR CONDITIONS OF ANY KIND, either express or implied.
14     See the License for the specific language governing permissions and
15     limitations under the License.
16-->
17<!--
18 The "package" attribute is rewritten by the Gradle build with the value of applicationId.
19     It is still required here, as it is used to derive paths, for instance when referring
20     to an Activity by ".MyActivity" instead of the full name. If more Activities are added to the
21     application, the package attribute will need to reflect the correct path in order to use
22     the abbreviated format.
23-->
24<manifest xmlns:android="http://schemas.android.com/apk/res/android"
25    package="com.aurisvoice.www.twa"
26    android:versionCode="1"
27    android:versionName="1" >
28
29    <uses-sdk
30        android:minSdkVersion="21"
31        android:targetSdkVersion="35" />
32
33    <uses-permission android:name="android.permission.POST_NOTIFICATIONS" />
33-->src/main/AndroidManifest.xml:26:9-80
33-->src/main/AndroidManifest.xml:26:26-78
34
35    <queries>
35-->[com.google.androidbrowserhelper:androidbrowserhelper:2.6.2] AndroidManifest.xml:22:5-30:15
36        <intent>
36-->[com.google.androidbrowserhelper:androidbrowserhelper:2.6.2] AndroidManifest.xml:23:9-29:18
37            <action android:name="android.intent.action.VIEW" />
37-->src/main/AndroidManifest.xml:152:17-68
37-->src/main/AndroidManifest.xml:152:25-66
38
39            <category android:name="android.intent.category.BROWSABLE" />
39-->src/main/AndroidManifest.xml:154:17-77
39-->src/main/AndroidManifest.xml:154:27-75
40
41            <data android:scheme="https" />
41-->src/main/AndroidManifest.xml:155:17-158:19
41-->src/main/AndroidManifest.xml:155:23-45
42        </intent>
43        <intent>
43-->[com.android.billingclient:billing:7.1.1] AndroidManifest.xml:13:9-15:18
44            <action android:name="com.android.vending.billing.InAppBillingService.BIND" />
44-->[com.android.billingclient:billing:7.1.1] AndroidManifest.xml:14:13-91
44-->[com.android.billingclient:billing:7.1.1] AndroidManifest.xml:14:21-88
45        </intent>
46        <intent>
46-->[com.android.billingclient:billing:7.1.1] AndroidManifest.xml:16:9-18:18
47            <action android:name="com.google.android.apps.play.billingtestcompanion.BillingOverrideService.BIND" />
47-->[com.android.billingclient:billing:7.1.1] AndroidManifest.xml:17:13-116
47-->[com.android.billingclient:billing:7.1.1] AndroidManifest.xml:17:21-113
48        </intent>
49    </queries>
50
51    <uses-permission android:name="com.android.vending.BILLING" />
51-->[com.android.billingclient:billing:7.1.1] AndroidManifest.xml:10:5-67
51-->[com.android.billingclient:billing:7.1.1] AndroidManifest.xml:10:22-64
52
53    <permission
53-->[androidx.core:core:1.13.0] AndroidManifest.xml:22:5-24:47
54        android:name="com.aurisvoice.www.twa.DYNAMIC_RECEIVER_NOT_EXPORTED_PERMISSION"
54-->[androidx.core:core:1.13.0] AndroidManifest.xml:23:9-81
55        android:protectionLevel="signature" />
55-->[androidx.core:core:1.13.0] AndroidManifest.xml:24:9-44
56
57    <uses-permission android:name="com.aurisvoice.www.twa.DYNAMIC_RECEIVER_NOT_EXPORTED_PERMISSION" /> <!-- Although the *SdkVersion is captured in gradle build files, this is required for non gradle builds -->
57-->[androidx.core:core:1.13.0] AndroidManifest.xml:26:5-97
57-->[androidx.core:core:1.13.0] AndroidManifest.xml:26:22-94
58    <!-- <uses-sdk android:minSdkVersion="14"/> -->
59    <uses-permission android:name="android.permission.ACCESS_NETWORK_STATE" />
59-->[com.google.android.datatransport:transport-backend-cct:3.1.8] AndroidManifest.xml:24:5-79
59-->[com.google.android.datatransport:transport-backend-cct:3.1.8] AndroidManifest.xml:24:22-76
60    <uses-permission android:name="android.permission.INTERNET" />
60-->[com.google.android.datatransport:transport-backend-cct:3.1.8] AndroidManifest.xml:25:5-67
60-->[com.google.android.datatransport:transport-backend-cct:3.1.8] AndroidManifest.xml:25:22-64
61
62    <application
62-->src/main/AndroidManifest.xml:35:5-228:19
63        android:name="com.aurisvoice.www.twa.Application"
63-->src/main/AndroidManifest.xml:36:9-35
64        android:allowBackup="true"
64-->src/main/AndroidManifest.xml:37:9-35
65        android:appComponentFactory="androidx.core.app.CoreComponentFactory"
65-->[androidx.core:core:1.13.0] AndroidManifest.xml:28:18-86
66        android:extractNativeLibs="true"
67        android:icon="@mipmap/ic_launcher"
67-->src/main/AndroidManifest.xml:38:9-43
68        android:label="@string/appName"
68-->src/main/AndroidManifest.xml:39:9-40
69        android:manageSpaceActivity="com.google.androidbrowserhelper.trusted.ManageDataLauncherActivity"
69-->src/main/AndroidManifest.xml:41:9-105
70        android:supportsRtl="true"
70-->src/main/AndroidManifest.xml:43:9-35
71        android:theme="@android:style/Theme.Translucent.NoTitleBar" >
71-->src/main/AndroidManifest.xml:44:9-68
72        <meta-data
72-->src/main/AndroidManifest.xml:46:9-48:58
73            android:name="asset_statements"
73-->src/main/AndroidManifest.xml:47:13-44
74            android:resource="@string/assetStatements" />
74-->src/main/AndroidManifest.xml:48:13-55
75        <meta-data
75-->src/main/AndroidManifest.xml:51:13-53:58
76            android:name="web_manifest_url"
76-->src/main/AndroidManifest.xml:52:17-48
77            android:value="@string/webManifestUrl" />
77-->src/main/AndroidManifest.xml:53:17-55
78        <meta-data
78-->src/main/AndroidManifest.xml:56:9-58:52
79            android:name="twa_generator"
79-->src/main/AndroidManifest.xml:57:13-41
80            android:value="@string/generatorApp" />
80-->src/main/AndroidManifest.xml:58:13-49
81
82        <activity
82-->src/main/AndroidManifest.xml:65:13-76:24
83            android:name="com.google.androidbrowserhelper.trusted.ManageDataLauncherActivity"
83-->src/main/AndroidManifest.xml:65:23-104
84            android:enabled="true"
84-->src/main/AndroidManifest.xml:67:17-39
85            android:excludeFromRecents="true"
85-->src/main/AndroidManifest.xml:68:17-50
86            android:exported="false" >
86-->src/main/AndroidManifest.xml:66:17-41
87            <meta-data
87-->src/main/AndroidManifest.xml:69:17-71:57
88                android:name="android.support.customtabs.trusted.MANAGE_SPACE_URL"
88-->src/main/AndroidManifest.xml:70:21-87
89                android:value="@string/launchUrl" />
89-->src/main/AndroidManifest.xml:71:21-54
90
91            <intent-filter>
91-->src/main/AndroidManifest.xml:72:17-75:33
92                <action android:name="android.intent.action.APPLICATION_PREFERENCES" />
92-->src/main/AndroidManifest.xml:73:21-92
92-->src/main/AndroidManifest.xml:73:29-89
93
94                <category android:name="android.intent.category.DEFAULT" />
94-->src/main/AndroidManifest.xml:74:21-80
94-->src/main/AndroidManifest.xml:74:31-77
95            </intent-filter>
96        </activity>
97        <activity
97-->src/main/AndroidManifest.xml:79:9-164:20
98            android:name="com.aurisvoice.www.twa.LauncherActivity"
98-->src/main/AndroidManifest.xml:79:19-50
99            android:alwaysRetainTaskState="true"
99-->src/main/AndroidManifest.xml:80:13-49
100            android:exported="true"
100-->src/main/AndroidManifest.xml:82:13-36
101            android:label="@string/launcherName" >
101-->src/main/AndroidManifest.xml:81:13-49
102            <meta-data
102-->src/main/AndroidManifest.xml:83:13-84:53
103                android:name="android.support.customtabs.trusted.DEFAULT_URL"
103-->src/main/AndroidManifest.xml:83:24-85
104                android:value="@string/launchUrl" />
104-->src/main/AndroidManifest.xml:84:17-50
105            <meta-data
105-->src/main/AndroidManifest.xml:86:13-88:58
106                android:name="android.support.customtabs.trusted.STATUS_BAR_COLOR"
106-->src/main/AndroidManifest.xml:87:17-83
107                android:resource="@color/colorPrimary" />
107-->src/main/AndroidManifest.xml:88:17-55
108            <meta-data
108-->src/main/AndroidManifest.xml:92:13-94:62
109                android:name="android.support.customtabs.trusted.STATUS_BAR_COLOR_DARK"
109-->src/main/AndroidManifest.xml:93:17-88
110                android:resource="@color/colorPrimaryDark" />
110-->src/main/AndroidManifest.xml:94:17-59
111            <meta-data
111-->src/main/AndroidManifest.xml:96:13-98:61
112                android:name="android.support.customtabs.trusted.NAVIGATION_BAR_COLOR"
112-->src/main/AndroidManifest.xml:97:17-87
113                android:resource="@color/navigationColor" />
113-->src/main/AndroidManifest.xml:98:17-58
114            <meta-data
114-->src/main/AndroidManifest.xml:100:13-102:65
115                android:name="android.support.customtabs.trusted.NAVIGATION_BAR_COLOR_DARK"
115-->src/main/AndroidManifest.xml:101:17-92
116                android:resource="@color/navigationColorDark" />
116-->src/main/AndroidManifest.xml:102:17-62
117            <meta-data
117-->src/main/AndroidManifest.xml:104:13-106:68
118                android:name="androix.browser.trusted.NAVIGATION_BAR_DIVIDER_COLOR"
118-->src/main/AndroidManifest.xml:105:17-84
119                android:resource="@color/navigationDividerColor" />
119-->src/main/AndroidManifest.xml:106:17-65
120            <meta-data
120-->src/main/AndroidManifest.xml:108:13-110:72
121                android:name="androix.browser.trusted.NAVIGATION_BAR_DIVIDER_COLOR_DARK"
121-->src/main/AndroidManifest.xml:109:17-89
122                android:resource="@color/navigationDividerColorDark" />
122-->src/main/AndroidManifest.xml:110:17-69
123            <meta-data
123-->src/main/AndroidManifest.xml:112:13-113:54
124                android:name="android.support.customtabs.trusted.SPLASH_IMAGE_DRAWABLE"
124-->src/main/AndroidManifest.xml:112:24-95
125                android:resource="@drawable/splash" />
125-->src/main/AndroidManifest.xml:113:17-52
126            <meta-data
126-->src/main/AndroidManifest.xml:115:13-116:60
127                android:name="android.support.customtabs.trusted.SPLASH_SCREEN_BACKGROUND_COLOR"
127-->src/main/AndroidManifest.xml:115:24-104
128                android:resource="@color/backgroundColor" />
128-->src/main/AndroidManifest.xml:116:17-58
129            <meta-data
129-->src/main/AndroidManifest.xml:118:13-119:71
130                android:name="android.support.customtabs.trusted.SPLASH_SCREEN_FADE_OUT_DURATION"
130-->src/main/AndroidManifest.xml:118:24-105
131                android:value="@integer/splashScreenFadeOutDuration" />
131-->src/main/AndroidManifest.xml:119:17-69
132            <meta-data
132-->src/main/AndroidManifest.xml:121:13-122:60
133                android:name="android.support.customtabs.trusted.FILE_PROVIDER_AUTHORITY"
133-->src/main/AndroidManifest.xml:121:24-97
134                android:value="@string/providerAuthority" />
134-->src/main/AndroidManifest.xml:122:17-58
135            <meta-data
135-->src/main/AndroidManifest.xml:124:13-97
136                android:name="android.app.shortcuts"
136-->src/main/AndroidManifest.xml:124:24-60
137                android:resource="@xml/shortcuts" />
137-->src/main/AndroidManifest.xml:124:61-94
138            <meta-data
138-->src/main/AndroidManifest.xml:126:13-127:56
139                android:name="android.support.customtabs.trusted.FALLBACK_STRATEGY"
139-->src/main/AndroidManifest.xml:126:24-91
140                android:value="@string/fallbackType" />
140-->src/main/AndroidManifest.xml:127:17-53
141            <meta-data
141-->src/main/AndroidManifest.xml:133:13-134:54
142                android:name="android.support.customtabs.trusted.SCREEN_ORIENTATION"
142-->src/main/AndroidManifest.xml:133:24-92
143                android:value="@string/orientation" />
143-->src/main/AndroidManifest.xml:134:17-52
144            <meta-data
144-->src/main/AndroidManifest.xml:139:17-141:66
145                android:name="android.support.customtabs.trusted.DISPLAY_OVERRIDE"
145-->src/main/AndroidManifest.xml:140:21-87
146                android:resource="@array/display_override" />
146-->src/main/AndroidManifest.xml:141:21-63
147
148            <intent-filter>
148-->src/main/AndroidManifest.xml:146:13-149:29
149                <action android:name="android.intent.action.MAIN" />
149-->src/main/AndroidManifest.xml:147:17-69
149-->src/main/AndroidManifest.xml:147:25-66
150
151                <category android:name="android.intent.category.LAUNCHER" />
151-->src/main/AndroidManifest.xml:148:17-77
151-->src/main/AndroidManifest.xml:148:27-74
152            </intent-filter>
153            <intent-filter android:autoVerify="true" >
153-->src/main/AndroidManifest.xml:151:13-159:29
153-->src/main/AndroidManifest.xml:151:28-53
154                <action android:name="android.intent.action.VIEW" />
154-->src/main/AndroidManifest.xml:152:17-68
154-->src/main/AndroidManifest.xml:152:25-66
155
156                <category android:name="android.intent.category.DEFAULT" />
156-->src/main/AndroidManifest.xml:74:21-80
156-->src/main/AndroidManifest.xml:74:31-77
157                <category android:name="android.intent.category.BROWSABLE" />
157-->src/main/AndroidManifest.xml:154:17-77
157-->src/main/AndroidManifest.xml:154:27-75
158
159                <data
159-->src/main/AndroidManifest.xml:155:17-158:19
160                    android:host="@string/hostName"
160-->src/main/AndroidManifest.xml:156:21-52
161                    android:scheme="https" />
161-->src/main/AndroidManifest.xml:155:23-45
162            </intent-filter>
163        </activity>
164        <activity android:name="com.google.androidbrowserhelper.trusted.FocusActivity" />
164-->src/main/AndroidManifest.xml:166:9-90
164-->src/main/AndroidManifest.xml:166:19-87
165        <activity
165-->src/main/AndroidManifest.xml:168:9-169:62
166            android:name="com.google.androidbrowserhelper.trusted.WebViewFallbackActivity"
166-->src/main/AndroidManifest.xml:168:19-97
167            android:configChanges="orientation|screenSize" />
167-->src/main/AndroidManifest.xml:169:13-59
168
169        <provider
169-->src/main/AndroidManifest.xml:171:9-179:20
170            android:name="androidx.core.content.FileProvider"
170-->src/main/AndroidManifest.xml:172:13-62
171            android:authorities="@string/providerAuthority"
171-->src/main/AndroidManifest.xml:173:13-60
172            android:exported="false"
172-->src/main/AndroidManifest.xml:175:13-37
173            android:grantUriPermissions="true" >
173-->src/main/AndroidManifest.xml:174:13-47
174            <meta-data
174-->src/main/AndroidManifest.xml:176:13-178:53
175                android:name="android.support.FILE_PROVIDER_PATHS"
175-->src/main/AndroidManifest.xml:177:17-67
176                android:resource="@xml/filepaths" />
176-->src/main/AndroidManifest.xml:178:17-50
177        </provider>
178
179        <service
179-->src/main/AndroidManifest.xml:181:9-196:19
180            android:name="com.aurisvoice.www.twa.DelegationService"
180-->src/main/AndroidManifest.xml:182:13-46
181            android:enabled="@bool/enableNotification"
181-->src/main/AndroidManifest.xml:183:13-55
182            android:exported="@bool/enableNotification" >
182-->src/main/AndroidManifest.xml:184:13-56
183            <meta-data
183-->src/main/AndroidManifest.xml:187:17-189:73
184                android:name="android.support.customtabs.trusted.SMALL_ICON"
184-->src/main/AndroidManifest.xml:188:21-81
185                android:resource="@drawable/ic_notification_icon" />
185-->src/main/AndroidManifest.xml:189:21-70
186
187            <intent-filter>
187-->src/main/AndroidManifest.xml:192:13-195:29
188                <action android:name="android.support.customtabs.trusted.TRUSTED_WEB_ACTIVITY_SERVICE" />
188-->src/main/AndroidManifest.xml:193:17-105
188-->src/main/AndroidManifest.xml:193:25-103
189
190                <category android:name="android.intent.category.DEFAULT" />
190-->src/main/AndroidManifest.xml:74:21-80
190-->src/main/AndroidManifest.xml:74:31-77
191            </intent-filter>
192        </service>
193
194        <activity android:name="com.google.androidbrowserhelper.trusted.NotificationPermissionRequestActivity" />
194-->src/main/AndroidManifest.xml:199:13-118
194-->src/main/AndroidManifest.xml:199:23-115
195        <activity
195-->src/main/AndroidManifest.xml:204:9-217:20
196            android:name="com.google.androidbrowserhelper.playbilling.provider.PaymentActivity"
196-->src/main/AndroidManifest.xml:205:13-96
197            android:configChanges="keyboardHidden|keyboard|orientation|screenLayout|screenSize"
197-->src/main/AndroidManifest.xml:207:13-96
198            android:exported="true"
198-->src/main/AndroidManifest.xml:208:13-36
199            android:theme="@android:style/Theme.Translucent.NoTitleBar" >
199-->src/main/AndroidManifest.xml:206:13-72
200            <intent-filter>
200-->src/main/AndroidManifest.xml:210:13-212:29
201                <action android:name="org.chromium.intent.action.PAY" />
201-->src/main/AndroidManifest.xml:211:17-73
201-->src/main/AndroidManifest.xml:211:25-70
202            </intent-filter>
203
204            <meta-data
204-->src/main/AndroidManifest.xml:214:13-216:67
205                android:name="org.chromium.default_payment_method_name"
205-->src/main/AndroidManifest.xml:215:17-72
206                android:value="https://play.google.com/billing" />
206-->src/main/AndroidManifest.xml:216:17-64
207        </activity>
208
209        <!-- This service checks who calls it at runtime. -->
210        <service
210-->src/main/AndroidManifest.xml:220:9-226:19
211            android:name="com.google.androidbrowserhelper.playbilling.provider.PaymentService"
211-->src/main/AndroidManifest.xml:221:13-95
212            android:exported="true" >
212-->src/main/AndroidManifest.xml:222:13-36
213            <intent-filter>
213-->src/main/AndroidManifest.xml:223:13-225:29
214                <action android:name="org.chromium.intent.action.IS_READY_TO_PAY" />
214-->src/main/AndroidManifest.xml:224:17-85
214-->src/main/AndroidManifest.xml:224:25-82
215            </intent-filter>
216        </service>
217
218        <meta-data
218-->[com.android.billingclient:billing:7.1.1] AndroidManifest.xml:22:9-24:37
219            android:name="com.google.android.play.billingclient.version"
219-->[com.android.billingclient:billing:7.1.1] AndroidManifest.xml:23:13-73
220            android:value="7.1.1" />
220-->[com.android.billingclient:billing:7.1.1] AndroidManifest.xml:24:13-34
221
222        <activity
222-->[com.android.billingclient:billing:7.1.1] AndroidManifest.xml:26:9-30:75
223            android:name="com.android.billingclient.api.ProxyBillingActivity"
223-->[com.android.billingclient:billing:7.1.1] AndroidManifest.xml:27:13-78
224            android:configChanges="keyboard|keyboardHidden|screenLayout|screenSize|orientation"
224-->[com.android.billingclient:billing:7.1.1] AndroidManifest.xml:28:13-96
225            android:exported="false"
225-->[com.android.billingclient:billing:7.1.1] AndroidManifest.xml:29:13-37
226            android:theme="@android:style/Theme.Translucent.NoTitleBar" />
226-->[com.android.billingclient:billing:7.1.1] AndroidManifest.xml:30:13-72
227        <activity
227-->[com.android.billingclient:billing:7.1.1] AndroidManifest.xml:31:9-35:75
228            android:name="com.android.billingclient.api.ProxyBillingActivityV2"
228-->[com.android.billingclient:billing:7.1.1] AndroidManifest.xml:32:13-80
229            android:configChanges="keyboard|keyboardHidden|screenLayout|screenSize|orientation"
229-->[com.android.billingclient:billing:7.1.1] AndroidManifest.xml:33:13-96
230            android:exported="false"
230-->[com.android.billingclient:billing:7.1.1] AndroidManifest.xml:34:13-37
231            android:theme="@android:style/Theme.Translucent.NoTitleBar" />
231-->[com.android.billingclient:billing:7.1.1] AndroidManifest.xml:35:13-72
232        <activity
232-->[com.google.android.gms:play-services-base:18.5.0] AndroidManifest.xml:5:9-173
233            android:name="com.google.android.gms.common.api.GoogleApiActivity"
233-->[com.google.android.gms:play-services-base:18.5.0] AndroidManifest.xml:5:19-85
234            android:exported="false"
234-->[com.google.android.gms:play-services-base:18.5.0] AndroidManifest.xml:5:146-170
235            android:theme="@android:style/Theme.Translucent.NoTitleBar" />
235-->[com.google.android.gms:play-services-base:18.5.0] AndroidManifest.xml:5:86-145
236
237        <meta-data
237-->[com.google.android.gms:play-services-basement:18.4.0] AndroidManifest.xml:6:9-122
238            android:name="com.google.android.gms.version"
238-->[com.google.android.gms:play-services-basement:18.4.0] AndroidManifest.xml:6:20-65
239            android:value="@integer/google_play_services_version" />
239-->[com.google.android.gms:play-services-basement:18.4.0] AndroidManifest.xml:6:66-119
240
241        <provider
241-->[androidx.emoji2:emoji2:1.3.0] AndroidManifest.xml:24:9-32:20
242            android:name="androidx.startup.InitializationProvider"
242-->[androidx.emoji2:emoji2:1.3.0] AndroidManifest.xml:25:13-67
243            android:authorities="com.aurisvoice.www.twa.androidx-startup"
243-->[androidx.emoji2:emoji2:1.3.0] AndroidManifest.xml:26:13-68
244            android:exported="false" >
244-->[androidx.emoji2:emoji2:1.3.0] AndroidManifest.xml:27:13-37
245            <meta-data
245-->[androidx.emoji2:emoji2:1.3.0] AndroidManifest.xml:29:13-31:52
246                android:name="androidx.emoji2.text.EmojiCompatInitializer"
246-->[androidx.emoji2:emoji2:1.3.0] AndroidManifest.xml:30:17-75
247                android:value="androidx.startup" />
247-->[androidx.emoji2:emoji2:1.3.0] AndroidManifest.xml:31:17-49
248            <meta-data
248-->[androidx.lifecycle:lifecycle-process:2.6.2] AndroidManifest.xml:29:13-31:52
249                android:name="androidx.lifecycle.ProcessLifecycleInitializer"
249-->[androidx.lifecycle:lifecycle-process:2.6.2] AndroidManifest.xml:30:17-78
250                android:value="androidx.startup" />
250-->[androidx.lifecycle:lifecycle-process:2.6.2] AndroidManifest.xml:31:17-49
251            <meta-data
251-->[androidx.profileinstaller:profileinstaller:1.3.1] AndroidManifest.xml:29:13-31:52
252                android:name="androidx.profileinstaller.ProfileInstallerInitializer"
252-->[androidx.profileinstaller:profileinstaller:1.3.1] AndroidManifest.xml:30:17-85
253                android:value="androidx.startup" />
253-->[androidx.profileinstaller:profileinstaller:1.3.1] AndroidManifest.xml:31:17-49
254        </provider>
255
256        <service
256-->[com.google.android.datatransport:transport-backend-cct:3.1.8] AndroidManifest.xml:28:9-34:19
257            android:name="com.google.android.datatransport.runtime.backends.TransportBackendDiscovery"
257-->[com.google.android.datatransport:transport-backend-cct:3.1.8] AndroidManifest.xml:29:13-103
258            android:exported="false" >
258-->[com.google.android.datatransport:transport-backend-cct:3.1.8] AndroidManifest.xml:30:13-37
259            <meta-data
259-->[com.google.android.datatransport:transport-backend-cct:3.1.8] AndroidManifest.xml:31:13-33:39
260                android:name="backend:com.google.android.datatransport.cct.CctBackendFactory"
260-->[com.google.android.datatransport:transport-backend-cct:3.1.8] AndroidManifest.xml:32:17-94
261                android:value="cct" />
261-->[com.google.android.datatransport:transport-backend-cct:3.1.8] AndroidManifest.xml:33:17-36
262        </service>
263        <service
263-->[com.google.android.datatransport:transport-runtime:3.1.8] AndroidManifest.xml:26:9-30:19
264            android:name="com.google.android.datatransport.runtime.scheduling.jobscheduling.JobInfoSchedulerService"
264-->[com.google.android.datatransport:transport-runtime:3.1.8] AndroidManifest.xml:27:13-117
265            android:exported="false"
265-->[com.google.android.datatransport:transport-runtime:3.1.8] AndroidManifest.xml:28:13-37
266            android:permission="android.permission.BIND_JOB_SERVICE" >
266-->[com.google.android.datatransport:transport-runtime:3.1.8] AndroidManifest.xml:29:13-69
267        </service>
268
269        <receiver
269-->[com.google.android.datatransport:transport-runtime:3.1.8] AndroidManifest.xml:32:9-34:40
270            android:name="com.google.android.datatransport.runtime.scheduling.jobscheduling.AlarmManagerSchedulerBroadcastReceiver"
270-->[com.google.android.datatransport:transport-runtime:3.1.8] AndroidManifest.xml:33:13-132
271            android:exported="false" />
271-->[com.google.android.datatransport:transport-runtime:3.1.8] AndroidManifest.xml:34:13-37
272        <receiver
272-->[androidx.profileinstaller:profileinstaller:1.3.1] AndroidManifest.xml:34:9-52:20
273            android:name="androidx.profileinstaller.ProfileInstallReceiver"
273-->[androidx.profileinstaller:profileinstaller:1.3.1] AndroidManifest.xml:35:13-76
274            android:directBootAware="false"
274-->[androidx.profileinstaller:profileinstaller:1.3.1] AndroidManifest.xml:36:13-44
275            android:enabled="true"
275-->[androidx.profileinstaller:profileinstaller:1.3.1] AndroidManifest.xml:37:13-35
276            android:exported="true"
276-->[androidx.profileinstaller:profileinstaller:1.3.1] AndroidManifest.xml:38:13-36
277            android:permission="android.permission.DUMP" >
277-->[androidx.profileinstaller:profileinstaller:1.3.1] AndroidManifest.xml:39:13-57
278            <intent-filter>
278-->[androidx.profileinstaller:profileinstaller:1.3.1] AndroidManifest.xml:40:13-42:29
279                <action android:name="androidx.profileinstaller.action.INSTALL_PROFILE" />
279-->[androidx.profileinstaller:profileinstaller:1.3.1] AndroidManifest.xml:41:17-91
279-->[androidx.profileinstaller:profileinstaller:1.3.1] AndroidManifest.xml:41:25-88
280            </intent-filter>
281            <intent-filter>
281-->[androidx.profileinstaller:profileinstaller:1.3.1] AndroidManifest.xml:43:13-45:29
282                <action android:name="androidx.profileinstaller.action.SKIP_FILE" />
282-->[androidx.profileinstaller:profileinstaller:1.3.1] AndroidManifest.xml:44:17-85
282-->[androidx.profileinstaller:profileinstaller:1.3.1] AndroidManifest.xml:44:25-82
283            </intent-filter>
284            <intent-filter>
284-->[androidx.profileinstaller:profileinstaller:1.3.1] AndroidManifest.xml:46:13-48:29
285                <action android:name="androidx.profileinstaller.action.SAVE_PROFILE" />
285-->[androidx.profileinstaller:profileinstaller:1.3.1] AndroidManifest.xml:47:17-88
285-->[androidx.profileinstaller:profileinstaller:1.3.1] AndroidManifest.xml:47:25-85
286            </intent-filter>
287            <intent-filter>
287-->[androidx.profileinstaller:profileinstaller:1.3.1] AndroidManifest.xml:49:13-51:29
288                <action android:name="androidx.profileinstaller.action.BENCHMARK_OPERATION" />
288-->[androidx.profileinstaller:profileinstaller:1.3.1] AndroidManifest.xml:50:17-95
288-->[androidx.profileinstaller:profileinstaller:1.3.1] AndroidManifest.xml:50:25-92
289            </intent-filter>
290        </receiver>
291    </application>
292
293</manifest>